{
  "stats": {
    "suites": 2,
    "tests": 8,
    "passes": 5,
    "pending": 0,
    "failures": 3,
    "start": "2018-05-31T18:59:30.741Z",
    "end": "2018-05-31T19:00:31.307Z",
    "duration": 60566,
    "testsRegistered": 8,
    "passPercent": 62.5,
    "pendingPercent": 0,
    "other": 0,
    "hasOther": false,
    "skipped": 0,
    "hasSkipped": false,
    "passPercentClass": "warning",
    "pendingPercentClass": "danger"
  },
  "suites": {
    "uuid": "5466fedf-f289-4c30-a95a-3cd9a402b636",
    "title": "",
    "fullFile": "",
    "file": "",
    "beforeHooks": [],
    "afterHooks": [],
    "tests": [],
    "suites": [
      {
        "uuid": "cabeb2fc-6a0e-479b-b5e8-c03b80aa598e",
        "title": "Pruebas login con google chrome",
        "fullFile": "J:\\tec\\qa\\proyect\\QA\\test\\test.js",
        "file": "\\test.js",
        "beforeHooks": [
          {
            "title": "\"before each\" hook",
            "fullTitle": "Pruebas login con google chrome \"before each\" hook",
            "timedOut": false,
            "duration": 4694,
            "pass": false,
            "fail": false,
            "pending": false,
            "code": "this.timeout(25000);\nx++;\ndriver = new selenium.Builder()\n    .withCapabilities(selenium.Capabilities.chrome())\n    .build();\nawait driver.get(\"http://172.24.4.41/Transportec/\");",
            "err": {},
            "isRoot": false,
            "uuid": "da31de6d-9f47-49e1-806e-e805b0ce28d5",
            "isHook": true,
            "skipped": false
          }
        ],
        "afterHooks": [
          {
            "title": "\"after each\" hook",
            "fullTitle": "Pruebas login con google chrome \"after each\" hook",
            "timedOut": false,
            "duration": 0,
            "pass": false,
            "fail": false,
            "pending": false,
            "code": "driver.quit();",
            "err": {},
            "isRoot": false,
            "uuid": "2a3680d5-744f-4a97-a9d0-fef5757cf663",
            "isHook": true,
            "skipped": false
          }
        ],
        "tests": [
          {
            "title": "Sin datos",
            "fullTitle": "Pruebas login con google chrome Sin datos",
            "timedOut": false,
            "duration": 114,
            "state": "failed",
            "pass": false,
            "fail": true,
            "pending": false,
            "context": "[\n  \"Caso de prueba: Inicio de session sin datos\",\n  \"Identificador: Cp1\",\n  \"Funcion a probar: login\",\n  \"Objetivo: verificar que no se pueda ingresar sin datos en la aplicacion\",\n  \"Descripcion: se inteta iniciar sesion sin ningun dato en los campos requeridos\",\n  \"Precondiciones: que el servidor este arriba y estar conectado a la misma red del servidor\",\n  \"Criterios de aceptacion: mensaje de error que muestre que hacen falta los campos\"\n]",
            "code": "this.timeout(15000);\naddContext(this, 'Caso de prueba: Inicio de session sin datos' );\naddContext(this, \"Identificador: Cp\"+x);\naddContext(this, \"Funcion a probar: login\");\naddContext(this,\"Objetivo: verificar que no se pueda ingresar sin datos en la aplicacion\");\naddContext(this,\"Descripcion: se inteta iniciar sesion sin ningun dato en los campos requeridos\");\naddContext(this,\"Precondiciones: que el servidor este arriba y estar conectado a la misma red del servidor\");\naddContext(this,\"Criterios de aceptacion: mensaje de error que muestre que hacen falta los campos\");\nawait driver.findElement(selenium.By.id('botonSubmit')).click();\nvar message = await driver.findElement(selenium.By.xpath('//*[@id=\"loginBody\"]/div[4]/p')).getText();\nassert.equal(message,'Nombre de usuario o contraseña incorrectas.');",
            "err": {
              "message": "NoSuchElementError: no such element: Unable to locate element: {\"method\":\"xpath\",\"selector\":\"//*[@id=\"loginBody\"]/div[4]/p\"}\n  (Session info: chrome=67.0.3396.62)\n  (Driver info: chromedriver=2.38.552522 (437e6fbedfa8762dec75e2c5b3ddb86763dc9dcb),platform=Windows NT 10.0.17134 x86_64)",
              "estack": "NoSuchElementError: no such element: Unable to locate element: {\"method\":\"xpath\",\"selector\":\"//*[@id=\"loginBody\"]/div[4]/p\"}\n  (Session info: chrome=67.0.3396.62)\n  (Driver info: chromedriver=2.38.552522 (437e6fbedfa8762dec75e2c5b3ddb86763dc9dcb),platform=Windows NT 10.0.17134 x86_64)\n    at Object.checkLegacyResponse (node_modules\\selenium-webdriver\\lib\\error.js:585:15)\n    at parseHttpResponse (node_modules\\selenium-webdriver\\lib\\http.js:533:13)\n    at Executor.execute (node_modules\\selenium-webdriver\\lib\\http.js:468:26)\n    at <anonymous>\n    at process._tickCallback (internal/process/next_tick.js:188:7)"
            },
            "isRoot": false,
            "uuid": "3ea57d55-fd69-4104-afa9-6a9461c649de",
            "isHook": false,
            "skipped": false
          },
          {
            "title": "Sin contraseña",
            "fullTitle": "Pruebas login con google chrome Sin contraseña",
            "timedOut": false,
            "duration": 226,
            "state": "failed",
            "pass": false,
            "fail": true,
            "pending": false,
            "context": "[\n  \"Caso de prueba: Inicio de session sin contraseña\",\n  \"Identificador: Cp2\",\n  \"Funcion a probar: login\",\n  \"Objetivo: verificar que no se pueda ingresar sin contraseña en la aplicacion\",\n  \"Descripcion: se inteta iniciar sesion sin el dato contraseña en el campos requerido\",\n  \"Precondiciones: que el servidor este arriba y estar conectado a la misma red del servidor\",\n  \"Criterios de aceptacion: mensaje de error \\\"usuario o contraseña incorrecta\\\"\"\n]",
            "code": "this.timeout(15000);\n\naddContext(this, 'Caso de prueba: Inicio de session sin contraseña' );\naddContext(this, \"Identificador: Cp\"+x);\naddContext(this, \"Funcion a probar: login\");\naddContext(this,\"Objetivo: verificar que no se pueda ingresar sin contraseña en la aplicacion\");\naddContext(this,\"Descripcion: se inteta iniciar sesion sin el dato contraseña en el campos requerido\");\naddContext(this,\"Precondiciones: que el servidor este arriba y estar conectado a la misma red del servidor\");\naddContext(this,'Criterios de aceptacion: mensaje de error \"usuario o contraseña incorrecta\"');\nawait driver.findElement(selenium.By.id('inputUsuario')).sendKeys('erick');\nawait driver.findElement(selenium.By.id('botonSubmit')).click();\nvar message = await driver.findElement(selenium.By.xpath('//*[@id=\"loginBody\"]/div[4]/p')).getText();\nassert.equal(message,'Nombre de usuario o contraseña incorrectas.');",
            "err": {
              "message": "NoSuchElementError: no such element: Unable to locate element: {\"method\":\"xpath\",\"selector\":\"//*[@id=\"loginBody\"]/div[4]/p\"}\n  (Session info: chrome=67.0.3396.62)\n  (Driver info: chromedriver=2.38.552522 (437e6fbedfa8762dec75e2c5b3ddb86763dc9dcb),platform=Windows NT 10.0.17134 x86_64)",
              "estack": "NoSuchElementError: no such element: Unable to locate element: {\"method\":\"xpath\",\"selector\":\"//*[@id=\"loginBody\"]/div[4]/p\"}\n  (Session info: chrome=67.0.3396.62)\n  (Driver info: chromedriver=2.38.552522 (437e6fbedfa8762dec75e2c5b3ddb86763dc9dcb),platform=Windows NT 10.0.17134 x86_64)\n    at Object.checkLegacyResponse (node_modules\\selenium-webdriver\\lib\\error.js:585:15)\n    at parseHttpResponse (node_modules\\selenium-webdriver\\lib\\http.js:533:13)\n    at Executor.execute (node_modules\\selenium-webdriver\\lib\\http.js:468:26)\n    at <anonymous>\n    at process._tickCallback (internal/process/next_tick.js:188:7)"
            },
            "isRoot": false,
            "uuid": "28982c24-489c-4dd2-b1b8-fed12bc9eeaf",
            "isHook": false,
            "skipped": false
          },
          {
            "title": "Contraseña Incorrecta",
            "fullTitle": "Pruebas login con google chrome Contraseña Incorrecta",
            "timedOut": false,
            "duration": 315,
            "state": "failed",
            "pass": false,
            "fail": true,
            "pending": false,
            "context": "[\n  \"Caso de prueba: Inicio de session con contraseña incorrecta\",\n  \"Identificador: Cp3\",\n  \"Funcion a probar: login\",\n  \"Objetivo: verificar que no se pueda ingresar con una contraseña incorrecta\",\n  \"Descripcion: se inteta iniciar sesion con una contraseña que no corresponde al usuario\",\n  \"Precondiciones: que el servidor este arriba y estar conectado a la misma red del servidor\",\n  \"Criterios de aceptacion: mensaje de error \\\"usuario o contraseña incorrecta\\\"\"\n]",
            "code": "this.timeout(15000);\naddContext(this, 'Caso de prueba: Inicio de session con contraseña incorrecta' );\naddContext(this, \"Identificador: Cp\"+x);\naddContext(this, \"Funcion a probar: login\");\naddContext(this,\"Objetivo: verificar que no se pueda ingresar con una contraseña incorrecta\");\naddContext(this,\"Descripcion: se inteta iniciar sesion con una contraseña que no corresponde al usuario\");\naddContext(this,\"Precondiciones: que el servidor este arriba y estar conectado a la misma red del servidor\");\naddContext(this,'Criterios de aceptacion: mensaje de error \"usuario o contraseña incorrecta\"');\nawait driver.findElement(selenium.By.id('inputUsuario')).sendKeys('erick');\nawait driver.findElement(selenium.By.id('inputContraseña')).sendKeys('12');\nawait driver.findElement(selenium.By.id('botonSubmit')).click();\nvar message =  await driver.findElement(selenium.By.xpath('//*[@id=\"loginBody\"]/div[4]/p')).getText();\nassert.equal(message,'Nombre de usuario o contraseña incorrectas.');",
            "err": {
              "message": "NoSuchElementError: no such element: Unable to locate element: {\"method\":\"xpath\",\"selector\":\"//*[@id=\"loginBody\"]/div[4]/p\"}\n  (Session info: chrome=67.0.3396.62)\n  (Driver info: chromedriver=2.38.552522 (437e6fbedfa8762dec75e2c5b3ddb86763dc9dcb),platform=Windows NT 10.0.17134 x86_64)",
              "estack": "NoSuchElementError: no such element: Unable to locate element: {\"method\":\"xpath\",\"selector\":\"//*[@id=\"loginBody\"]/div[4]/p\"}\n  (Session info: chrome=67.0.3396.62)\n  (Driver info: chromedriver=2.38.552522 (437e6fbedfa8762dec75e2c5b3ddb86763dc9dcb),platform=Windows NT 10.0.17134 x86_64)\n    at Object.checkLegacyResponse (node_modules\\selenium-webdriver\\lib\\error.js:585:15)\n    at parseHttpResponse (node_modules\\selenium-webdriver\\lib\\http.js:533:13)\n    at Executor.execute (node_modules\\selenium-webdriver\\lib\\http.js:468:26)\n    at <anonymous>\n    at process._tickCallback (internal/process/next_tick.js:188:7)"
            },
            "isRoot": false,
            "uuid": "26d571d5-3d54-44f5-ad96-2d24be1a197a",
            "isHook": false,
            "skipped": false
          },
          {
            "title": "Usuario en blanco con una contraseña correcta",
            "fullTitle": "Pruebas login con google chrome Usuario en blanco con una contraseña correcta",
            "timedOut": false,
            "duration": 304,
            "state": "passed",
            "speed": "slow",
            "pass": true,
            "fail": false,
            "pending": false,
            "context": "[\n  \"Caso de prueba: Inicio de session con contraseña correcta pero sin usuario\",\n  \"Identificador: Cp4\",\n  \"Funcion a probar: login\",\n  \"Objetivo: verificar que no se pueda ingresar con una contraseña correcta y sin un usuario\",\n  \"Descripcion: se inteta iniciar sesion con una contraseña pero sin un usuario\",\n  \"Precondiciones: que el servidor este arriba y estar conectado a la misma red del servidor\",\n  \"Criterios de aceptacion: mensaje de error \\\"usuario o contraseña incorrecta\\\"\"\n]",
            "code": "this.timeout(15000);\naddContext(this, 'Caso de prueba: Inicio de session con contraseña correcta pero sin usuario' );\naddContext(this, \"Identificador: Cp\"+x);\naddContext(this, \"Funcion a probar: login\");\naddContext(this,\"Objetivo: verificar que no se pueda ingresar con una contraseña correcta y sin un usuario\");\naddContext(this,\"Descripcion: se inteta iniciar sesion con una contraseña pero sin un usuario\");\naddContext(this,\"Precondiciones: que el servidor este arriba y estar conectado a la misma red del servidor\");\naddContext(this,'Criterios de aceptacion: mensaje de error \"usuario o contraseña incorrecta\"');\nawait driver.findElement(selenium.By.id('inputContraseña')).sendKeys('12');\nawait driver.findElement(selenium.By.id('botonSubmit')).click();\nvar message =  await driver.findElement(selenium.By.xpath('//*[@id=\"loginBody\"]/div[4]/p')).getText();\nassert.equal(message,'Nombre de usuario o contraseña incorrectas.');",
            "err": {},
            "isRoot": false,
            "uuid": "88fff5f5-f8f8-421d-b89e-7ea81b2fc03a",
            "isHook": false,
            "skipped": false
          }
        ],
        "suites": [],
        "passes": [
          "88fff5f5-f8f8-421d-b89e-7ea81b2fc03a"
        ],
        "failures": [
          "3ea57d55-fd69-4104-afa9-6a9461c649de",
          "28982c24-489c-4dd2-b1b8-fed12bc9eeaf",
          "26d571d5-3d54-44f5-ad96-2d24be1a197a"
        ],
        "pending": [],
        "skipped": [],
        "duration": 959,
        "root": false,
        "rootEmpty": false,
        "_timeout": 2000
      },
      {
        "uuid": "44909ac3-c537-49c1-b12d-343e3381b75d",
        "title": "Pruebas login con mozila firefox",
        "fullFile": "J:\\tec\\qa\\proyect\\QA\\test\\test.js",
        "file": "\\test.js",
        "beforeHooks": [
          {
            "title": "\"before each\" hook",
            "fullTitle": "Pruebas login con mozila firefox \"before each\" hook",
            "timedOut": false,
            "duration": 11279,
            "pass": false,
            "fail": false,
            "pending": false,
            "code": "this.timeout(25000);\nx++;\ndriver = new selenium.Builder().forBrowser('firefox').build();\nawait driver.get(\"http://172.24.4.41/Transportec/\");",
            "err": {},
            "isRoot": false,
            "uuid": "bb52fd1e-67fe-428f-a4ae-a41dd3d9477a",
            "isHook": true,
            "skipped": false
          }
        ],
        "afterHooks": [
          {
            "title": "\"after each\" hook",
            "fullTitle": "Pruebas login con mozila firefox \"after each\" hook",
            "timedOut": false,
            "duration": 0,
            "pass": false,
            "fail": false,
            "pending": false,
            "code": "driver.quit();",
            "err": {},
            "isRoot": false,
            "uuid": "2c04e778-dcd7-45e4-b06f-a2e47d9c4b04",
            "isHook": true,
            "skipped": false
          }
        ],
        "tests": [
          {
            "title": "Sin datos",
            "fullTitle": "Pruebas login con mozila firefox Sin datos",
            "timedOut": false,
            "duration": 325,
            "state": "passed",
            "speed": "slow",
            "pass": true,
            "fail": false,
            "pending": false,
            "context": "[\n  \"Caso de prueba: Inicio de session sin datos\",\n  \"Identificador: Cp5\",\n  \"Funcion a probar: login\",\n  \"Objetivo: verificar que no se pueda ingresar sin datos en la aplicacion\",\n  \"Descripcion: se inteta iniciar sesion sin ningun dato en los campos requeridos\",\n  \"Precondiciones: que el servidor este arriba y estar conectado a la misma red del servidor\",\n  \"Criterios de aceptacion: mensaje de error que muestre que hacen falta los campos\"\n]",
            "code": "this.timeout(15000);\naddContext(this, 'Caso de prueba: Inicio de session sin datos' );\naddContext(this, \"Identificador: Cp\"+x);\naddContext(this, \"Funcion a probar: login\");\naddContext(this,\"Objetivo: verificar que no se pueda ingresar sin datos en la aplicacion\");\naddContext(this,\"Descripcion: se inteta iniciar sesion sin ningun dato en los campos requeridos\");\naddContext(this,\"Precondiciones: que el servidor este arriba y estar conectado a la misma red del servidor\");\naddContext(this,\"Criterios de aceptacion: mensaje de error que muestre que hacen falta los campos\");\nawait driver.findElement(selenium.By.id('botonSubmit')).click();\nvar message = await driver.findElement(selenium.By.xpath('//*[@id=\"loginBody\"]/div[4]/p')).getText();\nassert.equal(message,'Nombre de usuario o contraseña incorrectas.');",
            "err": {},
            "isRoot": false,
            "uuid": "3b4e75e9-78b2-47d4-bda0-9ddd895c0c5e",
            "isHook": false,
            "skipped": false
          },
          {
            "title": "Sin contraseña",
            "fullTitle": "Pruebas login con mozila firefox Sin contraseña",
            "timedOut": false,
            "duration": 1271,
            "state": "passed",
            "speed": "slow",
            "pass": true,
            "fail": false,
            "pending": false,
            "context": "[\n  \"Caso de prueba: Inicio de session sin contraseña\",\n  \"Identificador: Cp6\",\n  \"Funcion a probar: login\",\n  \"Objetivo: verificar que no se pueda ingresar sin contraseña en la aplicacion\",\n  \"Descripcion: se inteta iniciar sesion sin el dato contraseña en el campos requerido\",\n  \"Precondiciones: que el servidor este arriba y estar conectado a la misma red del servidor\",\n  \"Criterios de aceptacion: mensaje de error \\\"usuario o contraseña incorrecta\\\"\"\n]",
            "code": "this.timeout(15000);\n\naddContext(this, 'Caso de prueba: Inicio de session sin contraseña' );\naddContext(this, \"Identificador: Cp\"+x);\naddContext(this, \"Funcion a probar: login\");\naddContext(this,\"Objetivo: verificar que no se pueda ingresar sin contraseña en la aplicacion\");\naddContext(this,\"Descripcion: se inteta iniciar sesion sin el dato contraseña en el campos requerido\");\naddContext(this,\"Precondiciones: que el servidor este arriba y estar conectado a la misma red del servidor\");\naddContext(this,'Criterios de aceptacion: mensaje de error \"usuario o contraseña incorrecta\"');\nawait driver.findElement(selenium.By.id('inputUsuario')).sendKeys('erick');\nawait driver.findElement(selenium.By.id('botonSubmit')).click();\nvar message = await driver.findElement(selenium.By.xpath('//*[@id=\"loginBody\"]/div[4]/p')).getText();\nassert.equal(message,'Nombre de usuario o contraseña incorrectas.');",
            "err": {},
            "isRoot": false,
            "uuid": "4bf0c784-4a6c-4926-b6ae-1a269a527b28",
            "isHook": false,
            "skipped": false
          },
          {
            "title": "Contraseña Incorrecta",
            "fullTitle": "Pruebas login con mozila firefox Contraseña Incorrecta",
            "timedOut": false,
            "duration": 1162,
            "state": "passed",
            "speed": "slow",
            "pass": true,
            "fail": false,
            "pending": false,
            "context": "[\n  \"Caso de prueba: Inicio de session con contraseña incorrecta\",\n  \"Identificador: Cp7\",\n  \"Funcion a probar: login\",\n  \"Objetivo: verificar que no se pueda ingresar con una contraseña incorrecta\",\n  \"Descripcion: se inteta iniciar sesion con una contraseña que no corresponde al usuario\",\n  \"Precondiciones: que el servidor este arriba y estar conectado a la misma red del servidor\",\n  \"Criterios de aceptacion: mensaje de error \\\"usuario o contraseña incorrecta\\\"\"\n]",
            "code": "this.timeout(15000);\naddContext(this, 'Caso de prueba: Inicio de session con contraseña incorrecta' );\naddContext(this, \"Identificador: Cp\"+x);\naddContext(this, \"Funcion a probar: login\");\naddContext(this,\"Objetivo: verificar que no se pueda ingresar con una contraseña incorrecta\");\naddContext(this,\"Descripcion: se inteta iniciar sesion con una contraseña que no corresponde al usuario\");\naddContext(this,\"Precondiciones: que el servidor este arriba y estar conectado a la misma red del servidor\");\naddContext(this,'Criterios de aceptacion: mensaje de error \"usuario o contraseña incorrecta\"');\nawait driver.findElement(selenium.By.id('inputUsuario')).sendKeys('erick');\nawait driver.findElement(selenium.By.id('inputContraseña')).sendKeys('12');\nawait driver.findElement(selenium.By.id('botonSubmit')).click();\nvar message =  await driver.findElement(selenium.By.xpath('//*[@id=\"loginBody\"]/div[4]/p')).getText();\nassert.equal(message,'Nombre de usuario o contraseña incorrectas.');",
            "err": {},
            "isRoot": false,
            "uuid": "e5dc9576-238a-48e2-9560-09adfc870463",
            "isHook": false,
            "skipped": false
          },
          {
            "title": "Usuario en blanco con una contraseña correcta",
            "fullTitle": "Pruebas login con mozila firefox Usuario en blanco con una contraseña correcta",
            "timedOut": false,
            "duration": 395,
            "state": "passed",
            "speed": "slow",
            "pass": true,
            "fail": false,
            "pending": false,
            "context": "[\n  \"Caso de prueba: Inicio de session con contraseña correcta pero sin usuario\",\n  \"Identificador: Cp8\",\n  \"Funcion a probar: login\",\n  \"Objetivo: verificar que no se pueda ingresar con una contraseña correcta y sin un usuario\",\n  \"Descripcion: se inteta iniciar sesion con una contraseña pero sin un usuario\",\n  \"Precondiciones: que el servidor este arriba y estar conectado a la misma red del servidor\",\n  \"Criterios de aceptacion: mensaje de error \\\"usuario o contraseña incorrecta\\\"\"\n]",
            "code": "this.timeout(15000);\naddContext(this, 'Caso de prueba: Inicio de session con contraseña correcta pero sin usuario' );\naddContext(this, \"Identificador: Cp\"+x);\naddContext(this, \"Funcion a probar: login\");\naddContext(this,\"Objetivo: verificar que no se pueda ingresar con una contraseña correcta y sin un usuario\");\naddContext(this,\"Descripcion: se inteta iniciar sesion con una contraseña pero sin un usuario\");\naddContext(this,\"Precondiciones: que el servidor este arriba y estar conectado a la misma red del servidor\");\naddContext(this,'Criterios de aceptacion: mensaje de error \"usuario o contraseña incorrecta\"');\nawait driver.findElement(selenium.By.id('inputContraseña')).sendKeys('12');\nawait driver.findElement(selenium.By.id('botonSubmit')).click();\nvar message =  await driver.findElement(selenium.By.xpath('//*[@id=\"loginBody\"]/div[4]/p')).getText();\nassert.equal(message,'Nombre de usuario o contraseña incorrectas.');",
            "err": {},
            "isRoot": false,
            "uuid": "413e92e6-f51b-41f9-bace-3d4d029e641b",
            "isHook": false,
            "skipped": false
          }
        ],
        "suites": [],
        "passes": [
          "3b4e75e9-78b2-47d4-bda0-9ddd895c0c5e",
          "4bf0c784-4a6c-4926-b6ae-1a269a527b28",
          "e5dc9576-238a-48e2-9560-09adfc870463",
          "413e92e6-f51b-41f9-bace-3d4d029e641b"
        ],
        "failures": [],
        "pending": [],
        "skipped": [],
        "duration": 3153,
        "root": false,
        "rootEmpty": false,
        "_timeout": 2000
      }
    ],
    "passes": [],
    "failures": [],
    "pending": [],
    "skipped": [],
    "duration": 0,
    "root": true,
    "rootEmpty": true,
    "_timeout": 2000
  },
  "copyrightYear": 2018
}