{
  "stats": {
    "suites": 1,
    "tests": 5,
    "passes": 4,
    "pending": 0,
    "failures": 1,
    "start": "2018-05-31T21:54:42.875Z",
    "end": "2018-05-31T21:56:07.346Z",
    "duration": 84471,
    "testsRegistered": 5,
    "passPercent": 80,
    "pendingPercent": 0,
    "other": 0,
    "hasOther": false,
    "skipped": 0,
    "hasSkipped": false,
    "passPercentClass": "success",
    "pendingPercentClass": "danger"
  },
  "suites": {
    "uuid": "5f0134b3-64bd-4df5-9a7f-071a60178004",
    "title": "",
    "fullFile": "",
    "file": "",
    "beforeHooks": [],
    "afterHooks": [],
    "tests": [],
    "suites": [
      {
        "uuid": "819208f0-7786-4603-aa8a-b020bce29f55",
        "title": "pruebas de caja negra Mozilla Firefox",
        "fullFile": "J:\\tec\\qa\\proyect\\QA\\test\\test.js",
        "file": "\\test.js",
        "beforeHooks": [
          {
            "title": "\"before each\" hook",
            "fullTitle": "pruebas de caja negra Mozilla Firefox \"before each\" hook",
            "timedOut": false,
            "duration": 10772,
            "pass": false,
            "fail": false,
            "pending": false,
            "code": "this.timeout(25000);\nx++;\ndriver = new selenium.Builder().forBrowser('firefox').build();\nawait driver.get(\"http://localhost/transporTEC/users/#/user\");",
            "err": {},
            "isRoot": false,
            "uuid": "1e90b191-9c54-4486-9c73-a9be894cb641",
            "isHook": true,
            "skipped": false
          }
        ],
        "afterHooks": [
          {
            "title": "\"after each\" hook",
            "fullTitle": "pruebas de caja negra Mozilla Firefox \"after each\" hook",
            "timedOut": false,
            "duration": 0,
            "pass": false,
            "fail": false,
            "pending": false,
            "code": "driver.quit();",
            "err": {},
            "isRoot": false,
            "uuid": "9ba83df2-45ee-4b7d-a4de-e0a0a9a77999",
            "isHook": true,
            "skipped": false
          }
        ],
        "tests": [
          {
            "title": "Caso de prueba 0",
            "fullTitle": "pruebas de caja negra Mozilla Firefox Caso de prueba 0",
            "timedOut": false,
            "duration": 4734,
            "state": "failed",
            "pass": false,
            "fail": true,
            "pending": false,
            "code": "this.timeout(15000);\nawait driver.findElement(selenium.By.id('departureHour')).sendKeys('03:50PM');\nawait driver.findElement(selenium.By.id('arrivalHour')).sendKeys('03:50PM');\nawait driver.findElement(selenium.By.id('departureDate')).sendKeys('26/11/2018');\nawait driver.findElement(selenium.By.id('arrivalDate')).sendKeys('27/11/2018');\n\nawait driver.findElement(selenium.By.id('btnCheck')).click();\nawait driver.findElement(selenium.By.xpath('/html/body/div[4]/div[7]/div/button')).click();\n\nawait driver.findElement(selenium.By.id('vehicleIdSelect')).sendKeys('7418');\nawait driver.findElement(selenium.By.xpath('/html/body/section[2]/div/div/div/div/div[2]/form[2]/div[1]/div[2]/select')).sendKeys('si');\nawait driver.findElement(selenium.By.id('responsable')).sendKeys('prueba');\nawait driver.findElement(selenium.By.id('responsableTelephone')).sendKeys('2987-2376');\nawait driver.findElement(selenium.By.xpath('/html/body/section[2]/div/div/div/div/div[2]/form[2]/div[3]/div[1]/select')).sendKeys('Académico');\nawait driver.findElement(selenium.By.id('functionalCenter')).sendKeys('Administracion');\nawait driver.findElement(selenium.By.id('provinceSetect')).sendKeys('San José');\nawait driver.findElement(selenium.By.id('citiesSetect')).sendKeys('Tibás');\nawait driver.findElement(selenium.By.id('disctrictSetect')).sendKeys('cinco esquinas');\nawait driver.findElement(selenium.By.id('justification')).sendKeys('porque si');\nawait driver.findElement(selenium.By.id('identificationE')).sendKeys('2-0272-7384');\nawait driver.findElement(selenium.By.id('firstNameE')).sendKeys('Josue');\nawait driver.findElement(selenium.By.id('lastNameE')).sendKeys('Esquivel');\nawait driver.findElement(selenium.By.id('placeToCollectE')).sendKeys('lo que sea');\nawait driver.findElement(selenium.By.id('placeToLeaveE')).sendKeys('lo que sea 30');\nawait driver.findElement(selenium.By.id('departureHourE')).sendKeys('03:50PM');\nawait driver.findElement(selenium.By.id('arrivalHourE')).sendKeys('03:50PM');\nawait driver.findElement(selenium.By.xpath('/html/body/section[2]/div/div/div/div/div[2]/form[2]/div[11]/div[1]/button')).click();\nvar button = await driver.wait(selenium.until.elementLocated(selenium.By.xpath('/html/body/section[2]/div/div/div/div/div[2]/form[2]/button[2]')),1000000);\nbutton.click();\nlet message = await driver.findElement(selenium.By.xpath('/html/body/div[4]/p')).getText();\nassert.equal(message, 'Reserva se realizo correctamente');",
            "err": {
              "message": "AssertionError [ERR_ASSERTION]: 'Seleccione las horas de salida y llegada' == 'Reserva se realizo correctamente'",
              "estack": "AssertionError [ERR_ASSERTION]: 'Seleccione las horas de salida y llegada' == 'Reserva se realizo correctamente'\n    at Context.<anonymous> (test.js:336:16)\n    at <anonymous>\n    at process._tickCallback (internal/process/next_tick.js:188:7)",
              "diff": "- Seleccione las horas de salida y llegada\n+ Reserva se realizo correctamente\n"
            },
            "isRoot": false,
            "uuid": "ab3e1e14-7fc2-4689-9fcc-5c17ba06bd28",
            "isHook": false,
            "skipped": false
          },
          {
            "title": "Caso de prueba 0",
            "fullTitle": "pruebas de caja negra Mozilla Firefox Caso de prueba 0",
            "timedOut": false,
            "duration": 4846,
            "state": "passed",
            "speed": "slow",
            "pass": true,
            "fail": false,
            "pending": false,
            "code": "this.timeout(15000);\nawait driver.findElement(selenium.By.id('departureHour')).sendKeys('-03:50PM');\nawait driver.findElement(selenium.By.id('arrivalHour')).sendKeys('03:50PM');\nawait driver.findElement(selenium.By.id('departureDate')).sendKeys('26/11/2018');\nawait driver.findElement(selenium.By.id('arrivalDate')).sendKeys('27/11/2018');\n\nawait driver.findElement(selenium.By.id('btnCheck')).click();\nlet message = await driver.findElement(selenium.By.xpath('/html/body/div[4]/p')).getText();\nawait driver.findElement(selenium.By.xpath('/html/body/div[4]/div[7]/div/button')).click();\n\n\nawait driver.findElement(selenium.By.id('vehicleIdSelect')).sendKeys('7418');\nawait driver.findElement(selenium.By.xpath('/html/body/section[2]/div/div/div/div/div[2]/form[2]/div[1]/div[2]/select')).sendKeys('si');\nawait driver.findElement(selenium.By.id('responsable')).sendKeys('prueba');\nawait driver.findElement(selenium.By.id('responsableTelephone')).sendKeys('2987-2376');\nawait driver.findElement(selenium.By.xpath('/html/body/section[2]/div/div/div/div/div[2]/form[2]/div[3]/div[1]/select')).sendKeys('Académico');\nawait driver.findElement(selenium.By.id('functionalCenter')).sendKeys('Administracion');\nawait driver.findElement(selenium.By.id('provinceSetect')).sendKeys('San José');\nawait driver.findElement(selenium.By.id('citiesSetect')).sendKeys('Tibás');\nawait driver.findElement(selenium.By.id('disctrictSetect')).sendKeys('cinco esquinas');\nawait driver.findElement(selenium.By.id('justification')).sendKeys('porque si');\nawait driver.findElement(selenium.By.id('identificationE')).sendKeys('2-0272-7384');\nawait driver.findElement(selenium.By.id('firstNameE')).sendKeys('Josue');\nawait driver.findElement(selenium.By.id('lastNameE')).sendKeys('Esquivel');\nawait driver.findElement(selenium.By.id('placeToCollectE')).sendKeys('lo que sea');\nawait driver.findElement(selenium.By.id('placeToLeaveE')).sendKeys('lo que sea 30');\nawait driver.findElement(selenium.By.id('departureHourE')).sendKeys('03:50PM');\nawait driver.findElement(selenium.By.id('arrivalHourE')).sendKeys('03:50PM');\nawait driver.findElement(selenium.By.xpath('/html/body/section[2]/div/div/div/div/div[2]/form[2]/div[11]/div[1]/button')).click();\nvar button = await driver.wait(selenium.until.elementLocated(selenium.By.xpath('/html/body/section[2]/div/div/div/div/div[2]/form[2]/button[2]')),1000000);\nbutton.click();\n    \n\nassert.equal(message, 'No existen autos disponibles en la fecha solicitada');",
            "err": {},
            "isRoot": false,
            "uuid": "c3ca3f2a-0198-4f10-8ddf-edb3487a6a9d",
            "isHook": false,
            "skipped": false
          },
          {
            "title": "Caso de prueba 0",
            "fullTitle": "pruebas de caja negra Mozilla Firefox Caso de prueba 0",
            "timedOut": false,
            "duration": 5569,
            "state": "passed",
            "speed": "slow",
            "pass": true,
            "fail": false,
            "pending": false,
            "code": "this.timeout(15000);\nawait driver.findElement(selenium.By.id('departureHour')).sendKeys('03:50PM');\nawait driver.findElement(selenium.By.id('arrivalHour')).sendKeys('-03:50PM');\nawait driver.findElement(selenium.By.id('departureDate')).sendKeys('26/11/2018');\nawait driver.findElement(selenium.By.id('arrivalDate')).sendKeys('27/11/2018');\n\nawait driver.findElement(selenium.By.id('btnCheck')).click();\nlet message = await driver.findElement(selenium.By.xpath('/html/body/div[4]/p')).getText();\nawait driver.findElement(selenium.By.xpath('/html/body/div[4]/div[7]/div/button')).click();\n\n\nawait driver.findElement(selenium.By.id('vehicleIdSelect')).sendKeys('7418');\nawait driver.findElement(selenium.By.xpath('/html/body/section[2]/div/div/div/div/div[2]/form[2]/div[1]/div[2]/select')).sendKeys('si');\nawait driver.findElement(selenium.By.id('responsable')).sendKeys('prueba');\nawait driver.findElement(selenium.By.id('responsableTelephone')).sendKeys('2987-2376');\nawait driver.findElement(selenium.By.xpath('/html/body/section[2]/div/div/div/div/div[2]/form[2]/div[3]/div[1]/select')).sendKeys('Académico');\nawait driver.findElement(selenium.By.id('functionalCenter')).sendKeys('Administracion');\nawait driver.findElement(selenium.By.id('provinceSetect')).sendKeys('San José');\nawait driver.findElement(selenium.By.id('citiesSetect')).sendKeys('Tibás');\nawait driver.findElement(selenium.By.id('disctrictSetect')).sendKeys('cinco esquinas');\nawait driver.findElement(selenium.By.id('justification')).sendKeys('porque si');\nawait driver.findElement(selenium.By.id('identificationE')).sendKeys('2-0272-7384');\nawait driver.findElement(selenium.By.id('firstNameE')).sendKeys('Josue');\nawait driver.findElement(selenium.By.id('lastNameE')).sendKeys('Esquivel');\nawait driver.findElement(selenium.By.id('placeToCollectE')).sendKeys('lo que sea');\nawait driver.findElement(selenium.By.id('placeToLeaveE')).sendKeys('lo que sea 30');\nawait driver.findElement(selenium.By.id('departureHourE')).sendKeys('03:50PM');\nawait driver.findElement(selenium.By.id('arrivalHourE')).sendKeys('03:50PM');\nawait driver.findElement(selenium.By.xpath('/html/body/section[2]/div/div/div/div/div[2]/form[2]/div[11]/div[1]/button')).click();\nvar button = await driver.wait(selenium.until.elementLocated(selenium.By.xpath('/html/body/section[2]/div/div/div/div/div[2]/form[2]/button[2]')),1000000);\nbutton.click();\n    \n\nassert.equal(message, 'No existen autos disponibles en la fecha solicitada');",
            "err": {},
            "isRoot": false,
            "uuid": "4ad6cfdb-18b3-48f1-83cb-4c64fcbe5877",
            "isHook": false,
            "skipped": false
          },
          {
            "title": "Caso de prueba 0",
            "fullTitle": "pruebas de caja negra Mozilla Firefox Caso de prueba 0",
            "timedOut": false,
            "duration": 5095,
            "state": "passed",
            "speed": "slow",
            "pass": true,
            "fail": false,
            "pending": false,
            "code": "this.timeout(15000);\nawait driver.findElement(selenium.By.id('departureHour')).sendKeys('-03:50PM');\nawait driver.findElement(selenium.By.id('arrivalHour')).sendKeys('03:50PM');\nawait driver.findElement(selenium.By.id('departureDate')).sendKeys('28/11/2018');\nawait driver.findElement(selenium.By.id('arrivalDate')).sendKeys('27/11/2018');\n\nawait driver.findElement(selenium.By.id('btnCheck')).click();\nlet message = await driver.findElement(selenium.By.xpath('/html/body/div[4]/p')).getText();\nawait driver.findElement(selenium.By.xpath('/html/body/div[4]/div[7]/div/button')).click();\n\n\nawait driver.findElement(selenium.By.id('vehicleIdSelect')).sendKeys('7418');\nawait driver.findElement(selenium.By.xpath('/html/body/section[2]/div/div/div/div/div[2]/form[2]/div[1]/div[2]/select')).sendKeys('si');\nawait driver.findElement(selenium.By.id('responsable')).sendKeys('prueba');\nawait driver.findElement(selenium.By.id('responsableTelephone')).sendKeys('2987-2376');\nawait driver.findElement(selenium.By.xpath('/html/body/section[2]/div/div/div/div/div[2]/form[2]/div[3]/div[1]/select')).sendKeys('Académico');\nawait driver.findElement(selenium.By.id('functionalCenter')).sendKeys('Administracion');\nawait driver.findElement(selenium.By.id('provinceSetect')).sendKeys('San José');\nawait driver.findElement(selenium.By.id('citiesSetect')).sendKeys('Tibás');\nawait driver.findElement(selenium.By.id('disctrictSetect')).sendKeys('cinco esquinas');\nawait driver.findElement(selenium.By.id('justification')).sendKeys('porque si');\nawait driver.findElement(selenium.By.id('identificationE')).sendKeys('2-0272-7384');\nawait driver.findElement(selenium.By.id('firstNameE')).sendKeys('Josue');\nawait driver.findElement(selenium.By.id('lastNameE')).sendKeys('Esquivel');\nawait driver.findElement(selenium.By.id('placeToCollectE')).sendKeys('lo que sea');\nawait driver.findElement(selenium.By.id('placeToLeaveE')).sendKeys('lo que sea 30');\nawait driver.findElement(selenium.By.id('departureHourE')).sendKeys('03:50PM');\nawait driver.findElement(selenium.By.id('arrivalHourE')).sendKeys('03:50PM');\nawait driver.findElement(selenium.By.xpath('/html/body/section[2]/div/div/div/div/div[2]/form[2]/div[11]/div[1]/button')).click();\nvar button = await driver.wait(selenium.until.elementLocated(selenium.By.xpath('/html/body/section[2]/div/div/div/div/div[2]/form[2]/button[2]')),1000000);\nbutton.click();\n    \n\nassert.equal(message, 'No existen autos disponibles en la fecha solicitada');",
            "err": {},
            "isRoot": false,
            "uuid": "00e832b3-7386-4ec6-82d5-aeabc173d450",
            "isHook": false,
            "skipped": false
          },
          {
            "title": "Caso de prueba 0",
            "fullTitle": "pruebas de caja negra Mozilla Firefox Caso de prueba 0",
            "timedOut": false,
            "duration": 5364,
            "state": "passed",
            "speed": "slow",
            "pass": true,
            "fail": false,
            "pending": false,
            "code": "this.timeout(15000);\nawait driver.findElement(selenium.By.id('departureHour')).sendKeys('-03:50PM');\nawait driver.findElement(selenium.By.id('arrivalHour')).sendKeys('03:50PM');\nawait driver.findElement(selenium.By.id('departureDate')).sendKeys('26/11/2018');\nawait driver.findElement(selenium.By.id('arrivalDate')).sendKeys('-27/11/2018');\n\nawait driver.findElement(selenium.By.id('btnCheck')).click();\nlet message = await driver.findElement(selenium.By.xpath('/html/body/div[4]/p')).getText();\nawait driver.findElement(selenium.By.xpath('/html/body/div[4]/div[7]/div/button')).click();\n\n\nawait driver.findElement(selenium.By.id('vehicleIdSelect')).sendKeys('7418');\nawait driver.findElement(selenium.By.xpath('/html/body/section[2]/div/div/div/div/div[2]/form[2]/div[1]/div[2]/select')).sendKeys('si');\nawait driver.findElement(selenium.By.id('responsable')).sendKeys('prueba');\nawait driver.findElement(selenium.By.id('responsableTelephone')).sendKeys('2987-2376');\nawait driver.findElement(selenium.By.xpath('/html/body/section[2]/div/div/div/div/div[2]/form[2]/div[3]/div[1]/select')).sendKeys('Académico');\nawait driver.findElement(selenium.By.id('functionalCenter')).sendKeys('Administracion');\nawait driver.findElement(selenium.By.id('provinceSetect')).sendKeys('San José');\nawait driver.findElement(selenium.By.id('citiesSetect')).sendKeys('Tibás');\nawait driver.findElement(selenium.By.id('disctrictSetect')).sendKeys('cinco esquinas');\nawait driver.findElement(selenium.By.id('justification')).sendKeys('porque si');\nawait driver.findElement(selenium.By.id('identificationE')).sendKeys('2-0272-7384');\nawait driver.findElement(selenium.By.id('firstNameE')).sendKeys('Josue');\nawait driver.findElement(selenium.By.id('lastNameE')).sendKeys('Esquivel');\nawait driver.findElement(selenium.By.id('placeToCollectE')).sendKeys('lo que sea');\nawait driver.findElement(selenium.By.id('placeToLeaveE')).sendKeys('lo que sea 30');\nawait driver.findElement(selenium.By.id('departureHourE')).sendKeys('03:50PM');\nawait driver.findElement(selenium.By.id('arrivalHourE')).sendKeys('03:50PM');\nawait driver.findElement(selenium.By.xpath('/html/body/section[2]/div/div/div/div/div[2]/form[2]/div[11]/div[1]/button')).click();\nvar button = await driver.wait(selenium.until.elementLocated(selenium.By.xpath('/html/body/section[2]/div/div/div/div/div[2]/form[2]/button[2]')),1000000);\nbutton.click();\n    \n\nassert.equal(message, 'No existen autos disponibles en la fecha solicitada');",
            "err": {},
            "isRoot": false,
            "uuid": "85bde99c-c15c-4106-84a2-084f25c65276",
            "isHook": false,
            "skipped": false
          }
        ],
        "suites": [],
        "passes": [
          "c3ca3f2a-0198-4f10-8ddf-edb3487a6a9d",
          "4ad6cfdb-18b3-48f1-83cb-4c64fcbe5877",
          "00e832b3-7386-4ec6-82d5-aeabc173d450",
          "85bde99c-c15c-4106-84a2-084f25c65276"
        ],
        "failures": [
          "ab3e1e14-7fc2-4689-9fcc-5c17ba06bd28"
        ],
        "pending": [],
        "skipped": [],
        "duration": 25608,
        "root": false,
        "rootEmpty": false,
        "_timeout": 2000
      }
    ],
    "passes": [],
    "failures": [],
    "pending": [],
    "skipped": [],
    "duration": 0,
    "root": true,
    "rootEmpty": true,
    "_timeout": 2000
  },
  "copyrightYear": 2018
}